TN:
SF:src/controllers/healthController.js
FN:1,(anonymous_0)
FNF:1
FNH:0
FNDA:0,(anonymous_0)
DA:1,4
DA:2,0
DA:5,4
LF:3
LH:2
BRF:0
BRH:0
end_of_record
TN:
SF:src/mocks/data.js
FNF:0
FNH:0
DA:1,4
DA:20,4
DA:41,4
DA:74,4
DA:110,4
LF:5
LH:5
BRF:0
BRH:0
end_of_record
TN:
SF:src/routes/auth.js
FN:6,(anonymous_0)
FN:10,(anonymous_1)
FN:32,(anonymous_2)
FN:37,(anonymous_3)
FN:66,(anonymous_4)
FN:90,(anonymous_5)
FN:100,(anonymous_6)
FNF:7
FNH:7
FNDA:3,(anonymous_0)
FNDA:6,(anonymous_1)
FNDA:2,(anonymous_2)
FNDA:3,(anonymous_3)
FNDA:2,(anonymous_4)
FNDA:1,(anonymous_5)
FNDA:1,(anonymous_6)
DA:1,4
DA:2,4
DA:3,4
DA:6,4
DA:7,3
DA:8,3
DA:10,6
DA:12,3
DA:13,3
DA:17,0
DA:27,0
DA:32,4
DA:33,2
DA:34,2
DA:37,3
DA:38,1
DA:41,1
DA:50,1
DA:52,1
DA:61,0
DA:66,4
DA:67,2
DA:69,2
DA:71,2
DA:72,1
DA:76,1
DA:78,1
DA:85,0
DA:90,4
DA:91,1
DA:93,1
DA:95,0
DA:100,4
DA:101,1
DA:103,1
DA:108,0
DA:112,4
LF:37
LH:31
BRDA:10,0,0,6
BRDA:10,0,1,2
BRDA:12,1,0,3
BRDA:12,1,1,0
BRDA:37,2,0,1
BRDA:37,2,1,1
BRDA:71,3,0,1
BRDA:71,3,1,1
BRF:8
BRH:7
end_of_record
TN:
SF:src/routes/health.js
FNF:0
FNH:0
DA:1,4
DA:2,4
DA:3,4
DA:5,4
DA:7,4
LF:5
LH:5
BRF:0
BRH:0
end_of_record
TN:
SF:src/routes/products.js
FN:6,(anonymous_0)
FN:15,(anonymous_1)
FN:17,(anonymous_2)
FN:25,(anonymous_3)
FN:32,(anonymous_4)
FN:44,(anonymous_5)
FN:46,(anonymous_6)
FN:57,(anonymous_7)
FN:72,(anonymous_8)
FN:74,(anonymous_9)
FN:87,(anonymous_10)
FN:90,(anonymous_11)
FN:104,(anonymous_12)
FN:106,(anonymous_13)
FNF:14
FNH:14
FNDA:1,(anonymous_0)
FNDA:1,(anonymous_1)
FNDA:3,(anonymous_2)
FNDA:2,(anonymous_3)
FNDA:3,(anonymous_4)
FNDA:2,(anonymous_5)
FNDA:4,(anonymous_6)
FNDA:1,(anonymous_7)
FNDA:2,(anonymous_8)
FNDA:5,(anonymous_9)
FNDA:2,(anonymous_10)
FNDA:5,(anonymous_11)
FNDA:2,(anonymous_12)
FNDA:4,(anonymous_13)
DA:1,4
DA:2,4
DA:3,4
DA:6,4
DA:7,1
DA:8,1
DA:10,0
DA:15,4
DA:16,1
DA:17,3
DA:18,1
DA:20,0
DA:25,4
DA:26,2
DA:27,2
DA:28,2
DA:29,1
DA:32,1
DA:33,3
DA:37,1
DA:39,0
DA:44,4
DA:45,2
DA:46,4
DA:47,2
DA:48,1
DA:50,1
DA:52,0
DA:57,4
DA:58,1
DA:59,1
DA:64,1
DA:65,1
DA:67,0
DA:72,4
DA:73,2
DA:74,5
DA:75,2
DA:76,1
DA:79,1
DA:80,1
DA:82,0
DA:87,4
DA:88,2
DA:89,2
DA:90,5
DA:92,2
DA:93,1
DA:96,1
DA:97,1
DA:99,0
DA:104,4
DA:105,2
DA:106,4
DA:107,2
DA:108,1
DA:111,1
DA:112,1
DA:114,0
DA:118,4
LF:60
LH:52
BRDA:28,0,0,1
BRDA:28,0,1,1
BRDA:33,1,0,3
BRDA:33,1,1,3
BRDA:47,2,0,1
BRDA:47,2,1,1
BRDA:75,3,0,1
BRDA:75,3,1,1
BRDA:92,4,0,1
BRDA:92,4,1,1
BRDA:107,5,0,1
BRDA:107,5,1,1
BRF:12
BRH:12
end_of_record
TN:
SF:src/routes/users.js
FN:6,(anonymous_0)
FN:15,(anonymous_1)
FN:17,(anonymous_2)
FN:28,(anonymous_3)
FN:33,(anonymous_4)
FN:54,(anonymous_5)
FN:56,(anonymous_6)
FN:69,(anonymous_7)
FN:72,(anonymous_8)
FN:90,(anonymous_9)
FN:92,(anonymous_10)
FN:100,(anonymous_11)
FN:102,(anonymous_12)
FNF:13
FNH:13
FNDA:1,(anonymous_0)
FNDA:2,(anonymous_1)
FNDA:3,(anonymous_2)
FNDA:2,(anonymous_3)
FNDA:3,(anonymous_4)
FNDA:2,(anonymous_5)
FNDA:4,(anonymous_6)
FNDA:2,(anonymous_7)
FNDA:2,(anonymous_8)
FNDA:1,(anonymous_9)
FNDA:2,(anonymous_10)
FNDA:2,(anonymous_11)
FNDA:3,(anonymous_12)
DA:1,4
DA:2,4
DA:3,4
DA:6,4
DA:7,1
DA:8,1
DA:10,0
DA:15,4
DA:16,2
DA:17,3
DA:18,2
DA:19,1
DA:21,1
DA:23,0
DA:28,4
DA:29,2
DA:30,2
DA:33,3
DA:34,1
DA:37,1
DA:46,1
DA:47,1
DA:49,0
DA:54,4
DA:55,2
DA:56,4
DA:57,2
DA:58,1
DA:61,1
DA:62,1
DA:64,0
DA:69,4
DA:70,2
DA:71,2
DA:72,2
DA:74,2
DA:75,0
DA:78,2
DA:79,2
DA:82,0
DA:83,0
DA:85,0
DA:90,4
DA:91,1
DA:92,2
DA:93,1
DA:95,0
DA:100,4
DA:101,2
DA:102,3
DA:103,2
DA:104,1
DA:107,1
DA:108,1
DA:110,0
DA:114,4
LF:56
LH:46
BRDA:18,0,0,1
BRDA:18,0,1,1
BRDA:33,1,0,1
BRDA:33,1,1,1
BRDA:42,2,0,1
BRDA:42,2,1,1
BRDA:57,3,0,1
BRDA:57,3,1,1
BRDA:74,4,0,0
BRDA:74,4,1,2
BRDA:78,5,0,2
BRDA:78,5,1,0
BRDA:103,6,0,1
BRDA:103,6,1,1
BRF:14
BRH:12
end_of_record
